<?xml version="1.0" encoding="UTF-8"?>
<!-- Generated by org.testng.reporters.JUnitXMLReporter -->
<testsuite hostname="amazingmist.local" ignored="0" name="abstract-dao-test" tests="15" failures="0" timestamp="26 Jun 2019 14:23:51 GMT" time="7.26" errors="0">
  <testcase name="findAllTest" time="0.291" classname="vi_khang.AbstractDaoImplTest"/>
  <testcase name="findAll_pageableTest" time="0.01" classname="vi_khang.AbstractDaoImplTest"/>
  <testcase name="findOneByIdTest" time="0.014" classname="vi_khang.AbstractDaoImplTest"/>
  <testcase name="findAllByPropertiesTest" time="0.014" classname="vi_khang.AbstractDaoImplTest"/>
  <testcase name="findAllByProperties_exceptionTest" time="0.003" classname="vi_khang.AbstractDaoImplTest"/>
  <testcase name="findOneByPropertiesTest" time="0.008" classname="vi_khang.AbstractDaoImplTest"/>
  <testcase name="findOneByProperties_exceptionTest" time="0.002" classname="vi_khang.AbstractDaoImplTest"/>
  <testcase name="saveTest" time="0.12" classname="vi_khang.AbstractDaoImplTest"/>
  <testcase name="save_exceptionTest" time="0.004" classname="vi_khang.AbstractDaoImplTest"/>
  <testcase name="updateTest" time="0.043" classname="vi_khang.AbstractDaoImplTest"/>
  <testcase name="update_exceptionTest" time="0.013" classname="vi_khang.AbstractDaoImplTest"/>
  <testcase name="update_exception1Test" time="0.012" classname="vi_khang.AbstractDaoImplTest"/>
  <testcase name="deleteTest" time="0.032" classname="vi_khang.AbstractDaoImplTest"/>
  <testcase name="delete_exceptionTest" time="0.012" classname="vi_khang.AbstractDaoImplTest"/>
  <testcase name="delete_exception1Test" time="0.02" classname="vi_khang.AbstractDaoImplTest"/>
</testsuite> <!-- abstract-dao-test -->
