<?xml version="1.0" encoding="UTF-8"?>
<!-- Generated by org.testng.reporters.JUnitXMLReporter -->
<testsuite hostname="amazingmist.local" ignored="0" name="extends-dao-test" tests="7" failures="0" timestamp="26 Jun 2019 14:23:56 GMT" time="0.134" errors="0">
  <testcase name="findAllByUserIdTest" time="0.022" classname="vi_khang.ChatBoxDaoImplTest"/>
  <testcase name="findAllByUserId_exceptionTest" time="0.002" classname="vi_khang.ChatBoxDaoImplTest"/>
  <testcase name="findOneByMemberIdTest" time="0.013" classname="vi_khang.ChatBoxDaoImplTest"/>
  <testcase name="findAllByChatBoxIdTest" time="0.011" classname="vi_khang.MessageDaoImplTest"/>
  <testcase name="findAllByChatBoxId_exceptionTest" time="0.002" classname="vi_khang.MessageDaoImplTest"/>
  <testcase name="findOneByChatBoxIdAndUserIdTest" time="0.016" classname="vi_khang.MemberDaoImplTest"/>
  <testcase name="findPartnerUserByChatBoxIdTest" time="0.017" classname="vi_khang.UserDaoImplTest"/>
</testsuite> <!-- extends-dao-test -->
