<?xml version="1.0" encoding="UTF-8"?>
<!-- Generated by org.testng.reporters.JUnitXMLReporter -->
<testsuite hostname="amazingmist.local" ignored="0" name="api-test" tests="8" failures="0" timestamp="26 Jun 2019 14:11:26 GMT" time="9.757" errors="0">
  <testcase name="createTest" time="0.939" classname="duy_quang.ChatBoxApiTest"/>
  <testcase name="getByMemberIdTest" time="0.074" classname="duy_quang.ChatBoxApiTest"/>
  <testcase name="getListTest" time="0.037" classname="duy_quang.ChatBoxApiTest"/>
  <testcase name="createTest" time="0.142" classname="duy_quang.MemberApiTest"/>
  <testcase name="getListTest" time="0.059" classname="duy_quang.MessageApiTest"/>
  <testcase name="searchOtherUserTest" time="0.041" classname="duy_quang.UserApiTest"/>
  <testcase name="updateReadStatusTest" time="0.102" classname="duy_quang.MemberApiTest"/>
  <testcase name="updateReadStatus_exceptionTest" time="0.006" classname="duy_quang.MemberApiTest"/>
</testsuite> <!-- api-test -->
