<?xml version="1.0" encoding="UTF-8"?>
<!-- Generated by org.testng.reporters.JUnitXMLReporter -->
<testsuite hostname="amazingmist.local" ignored="0" name="api-test" tests="8" failures="0" timestamp="26 Jun 2019 13:33:33 GMT" time="1.501" errors="0">
  <testcase name="createTest" time="0.497" classname="duy_quang.ChatBoxApiTest"/>
  <testcase name="getByMemberIdTest" time="0.029" classname="duy_quang.ChatBoxApiTest"/>
  <testcase name="getListTest" time="0.027" classname="duy_quang.ChatBoxApiTest"/>
  <testcase name="createTest" time="0.082" classname="duy_quang.MemberApiTest"/>
  <testcase name="getListTest" time="0.046" classname="duy_quang.MessageApiTest"/>
  <testcase name="searchOtherUserTest" time="0.012" classname="duy_quang.UserApiTest"/>
  <testcase name="updateReadStatusTest" time="0.068" classname="duy_quang.MemberApiTest"/>
  <testcase name="updateReadStatus_exceptionTest" time="0.006" classname="duy_quang.MemberApiTest"/>
</testsuite> <!-- api-test -->
