<?xml version="1.0" encoding="UTF-8"?>
<!-- Generated by org.testng.reporters.JUnitXMLReporter -->
<testsuite hostname="amazingmist.local" ignored="0" name="extends-service-test" tests="12" failures="0" timestamp="26 Jun 2019 14:07:29 GMT" time="0.431" errors="0">
  <testcase name="finAllByUserIdTest" time="0.065" classname="thanh_tai.ChatBoxServiceImplTest"/>
  <testcase name="finAllByUserId_pageableTest" time="0.035" classname="thanh_tai.ChatBoxServiceImplTest"/>
  <testcase name="findOneByMemberIdTest" time="0.018" classname="thanh_tai.ChatBoxServiceImplTest"/>
  <testcase name="updateLastDataByMessageTest" time="0.028" classname="thanh_tai.ChatBoxServiceImplTest"/>
  <testcase name="updateReadStatusByChatBoxIdAndUserIdTest" time="0.11" classname="thanh_tai.MemberServiceImplTest"/>
  <testcase name="updateReadStatusByChatBoxIdAndUserId_exceptionTest" time="0.005" classname="thanh_tai.MemberServiceImplTest"/>
  <testcase name="updateReadStatusByMemberIdTest_exceptionTest" time="0.003" classname="thanh_tai.MemberServiceImplTest"/>
  <testcase name="findAllByChatBoxIdTest" time="0.029" classname="thanh_tai.MessageServiceImplTest"/>
  <testcase name="findAllByChatBoxId_pageableTest" time="0.021" classname="thanh_tai.MessageServiceImplTest"/>
  <testcase name="findOneByProviderAndProviderIdTest" time="0.011" classname="thanh_tai.UserServiceImplTest"/>
  <testcase name="findSearchUserByNameTest" time="0.012" classname="thanh_tai.UserServiceImplTest"/>
  <testcase name="updateReadStatusByMemberIdTest" time="0.039" classname="thanh_tai.MemberServiceImplTest"/>
</testsuite> <!-- extends-service-test -->
