<?xml version="1.0" encoding="UTF-8"?>
<!-- Generated by org.testng.reporters.JUnitXMLReporter -->
<testsuite hostname="amazingmist.local" ignored="0" name="converter-test" tests="22" failures="0" timestamp="26 Jun 2019 13:33:46 GMT" time="0.1" errors="0">
  <testcase name="dtoListToEntityListTest" time="0.004" classname="tuong_tinh.ChatBoxConverterTest"/>
  <testcase name="dtoToEntityTest" time="0.0" classname="tuong_tinh.ChatBoxConverterTest"/>
  <testcase name="dtoToEntity_nullTest" time="0.001" classname="tuong_tinh.ChatBoxConverterTest"/>
  <testcase name="entityListToDtoListTest" time="0.005" classname="tuong_tinh.ChatBoxConverterTest"/>
  <testcase name="entityToDtoTest" time="0.0" classname="tuong_tinh.ChatBoxConverterTest"/>
  <testcase name="entityToDto_nullTest" time="0.002" classname="tuong_tinh.ChatBoxConverterTest"/>
  <testcase name="dtoListToEntityListTest" time="0.009" classname="tuong_tinh.MemberConverterTest"/>
  <testcase name="dtoToEntityTest" time="0.005" classname="tuong_tinh.MemberConverterTest"/>
  <testcase name="dtoToEntity_nullTest" time="0.001" classname="tuong_tinh.MemberConverterTest"/>
  <testcase name="entityListToDtoListTest" time="0.01" classname="tuong_tinh.MemberConverterTest"/>
  <testcase name="entityToDtoTest" time="0.005" classname="tuong_tinh.MemberConverterTest"/>
  <testcase name="entityToDto_nullTest" time="0.002" classname="tuong_tinh.MemberConverterTest"/>
  <testcase name="dtoToEntityTest" time="0.006" classname="tuong_tinh.MessageConverterTest"/>
  <testcase name="dtoToEntity_nullTest" time="0.004" classname="tuong_tinh.MessageConverterTest"/>
  <testcase name="entityListToDtoListTest" time="0.005" classname="tuong_tinh.MessageConverterTest"/>
  <testcase name="entityToDtoTest" time="0.001" classname="tuong_tinh.MessageConverterTest"/>
  <testcase name="entityToDto_nullTest" time="0.003" classname="tuong_tinh.MessageConverterTest"/>
  <testcase name="dtoToEntityTest" time="0.002" classname="tuong_tinh.UserConverterTest"/>
  <testcase name="dtoToEntity_nullTest" time="0.0" classname="tuong_tinh.UserConverterTest"/>
  <testcase name="entityListToDtoListTest" time="0.003" classname="tuong_tinh.UserConverterTest"/>
  <testcase name="entityToDtoTest" time="0.001" classname="tuong_tinh.UserConverterTest"/>
  <testcase name="entityToDto_nullTest" time="0.001" classname="tuong_tinh.UserConverterTest"/>
</testsuite> <!-- converter-test -->
