<?xml version="1.0" encoding="UTF-8"?>
<!-- Generated by org.testng.reporters.JUnitXMLReporter -->
<testsuite hostname="amazingmist.local" ignored="0" name="abstract-dao-test" tests="15" failures="0" timestamp="26 Jun 2019 13:33:10 GMT" time="7.578" errors="0">
  <testcase name="findAllTest" time="0.279" classname="vi_khang.AbstractDaoImplTest"/>
  <testcase name="findAll_pageableTest" time="0.009" classname="vi_khang.AbstractDaoImplTest"/>
  <testcase name="findOneByIdTest" time="0.021" classname="vi_khang.AbstractDaoImplTest"/>
  <testcase name="findAllByPropertiesTest" time="0.012" classname="vi_khang.AbstractDaoImplTest"/>
  <testcase name="findAllByProperties_exceptionTest" time="0.004" classname="vi_khang.AbstractDaoImplTest"/>
  <testcase name="findOneByPropertiesTest" time="0.012" classname="vi_khang.AbstractDaoImplTest"/>
  <testcase name="findOneByProperties_exceptionTest" time="0.009" classname="vi_khang.AbstractDaoImplTest"/>
  <testcase name="saveTest" time="0.098" classname="vi_khang.AbstractDaoImplTest"/>
  <testcase name="save_exceptionTest" time="0.083" classname="vi_khang.AbstractDaoImplTest"/>
  <testcase name="updateTest" time="0.074" classname="vi_khang.AbstractDaoImplTest"/>
  <testcase name="update_exceptionTest" time="0.006" classname="vi_khang.AbstractDaoImplTest"/>
  <testcase name="update_exception1Test" time="0.004" classname="vi_khang.AbstractDaoImplTest"/>
  <testcase name="deleteTest" time="0.018" classname="vi_khang.AbstractDaoImplTest"/>
  <testcase name="delete_exceptionTest" time="0.003" classname="vi_khang.AbstractDaoImplTest"/>
  <testcase name="delete_exception1Test" time="0.015" classname="vi_khang.AbstractDaoImplTest"/>
</testsuite> <!-- abstract-dao-test -->
