<?xml version="1.0" encoding="UTF-8"?>
<!-- Generated by org.testng.reporters.JUnitXMLReporter -->
<testsuite hostname="amazingmist.local" ignored="0" name="extends-dao-test" tests="7" failures="0" timestamp="26 Jun 2019 13:33:15 GMT" time="0.084" errors="0">
  <testcase name="findAllByUserIdTest" time="0.01" classname="vi_khang.ChatBoxDaoImplTest"/>
  <testcase name="findAllByUserId_exceptionTest" time="0.002" classname="vi_khang.ChatBoxDaoImplTest"/>
  <testcase name="findOneByMemberIdTest" time="0.006" classname="vi_khang.ChatBoxDaoImplTest"/>
  <testcase name="findAllByChatBoxIdTest" time="0.009" classname="vi_khang.MessageDaoImplTest"/>
  <testcase name="findAllByChatBoxId_exceptionTest" time="0.002" classname="vi_khang.MessageDaoImplTest"/>
  <testcase name="findOneByChatBoxIdAndUserIdTest" time="0.005" classname="vi_khang.MemberDaoImplTest"/>
  <testcase name="findPartnerUserByChatBoxIdTest" time="0.006" classname="vi_khang.UserDaoImplTest"/>
</testsuite> <!-- extends-dao-test -->
