<?xml version="1.0" encoding="UTF-8"?>
<!-- Generated by org.testng.reporters.JUnitXMLReporter -->
<testsuite hostname="amazingmist.local" ignored="0" name="abstract-service-test" tests="12" failures="0" timestamp="26 Jun 2019 13:33:21 GMT" time="0.772" errors="0">
  <testcase name="findAllTest" time="0.179" classname="thanh_tai.AbstractServiceImplTest"/>
  <testcase name="findAll_pageableTest" time="0.007" classname="thanh_tai.AbstractServiceImplTest"/>
  <testcase name="findOneByIdTest" time="0.011" classname="thanh_tai.AbstractServiceImplTest"/>
  <testcase name="findAllByPropertiesTest" time="0.01" classname="thanh_tai.AbstractServiceImplTest"/>
  <testcase name="findOneByPropertiesTest" time="0.005" classname="thanh_tai.AbstractServiceImplTest"/>
  <testcase name="saveTest" time="0.215" classname="thanh_tai.AbstractServiceImplTest"/>
  <testcase name="updateTest" time="0.032" classname="thanh_tai.AbstractServiceImplTest"/>
  <testcase name="update_exceptionTest" time="0.005" classname="thanh_tai.AbstractServiceImplTest"/>
  <testcase name="update_exception1Test" time="0.004" classname="thanh_tai.AbstractServiceImplTest"/>
  <testcase name="deleteTest" time="0.155" classname="thanh_tai.AbstractServiceImplTest"/>
  <testcase name="delete_exceptionTest" time="0.018" classname="thanh_tai.AbstractServiceImplTest"/>
  <testcase name="delete_exception1Test" time="0.01" classname="thanh_tai.AbstractServiceImplTest"/>
</testsuite> <!-- abstract-service-test -->
